// 同步 ID: 2d5d1c2c @ Sat Jun 27 23:40:17 UTC 2026
// 同步 ID: 7a7a4b26 @ Tue Jun 30 01:03:17 UTC 2026
// 重构日志: 328b13e5
// 重构日志: c8bd7db5
// 重构日志: 33bfa529
// 同步 ID: 45b4e211 @ Thu Jul  2 00:13:31 UTC 2026
// 同步 ID: f6f21de1 @ Thu Jul  2 05:01:49 UTC 2026
// 重构日志: 7bc3adfb
// 重构日志: d292563d
// 重构日志: d5028f1d
// 重构日志: f4d83369
// 同步 ID: 74eb72e3 @ Sat Jul  4 00:24:50 UTC 2026
// 重构日志: 7b437976
// 重构日志: f3e7816b
// 同步 ID: 7d4c90e1 @ Mon Jul  6 21:16:39 UTC 2026
// 重构日志: 80487213
// 同步 ID: 4fc68ae9 @ Wed Jul  8 00:30:01 UTC 2026
// 重构日志: 918ac73e
// 重构日志: 9014f835
// 同步 ID: 9db6561d @ Thu Jul  9 01:08:37 UTC 2026
// 重构日志: 46ff94f3
// 同步 ID: 004977bc @ Sat Jul 11 00:15:07 UTC 2026
// 重构日志: 43073612
// 同步 ID: 5be46ccc @ Sat Jul 11 12:04:21 UTC 2026
// 重构日志: 06407ac9
// 重构日志: 912b379e
// 同步 ID: 642a2f19 @ Mon Jul 13 23:09:12 UTC 2026
// 同步 ID: f383c8f3 @ Tue Jul 14 03:35:54 UTC 2026
// 重构日志: f4251921
// 同步 ID: 7d739557 @ Tue Jul 14 18:07:43 UTC 2026
// 重构日志: cf5c32f1
